Passport by 4am               2021-04-28
                                        
 ______________________________________ 
                                        
                                        
                                        
T00,S03,$9C: F0 -> D0                   
T00,S06,$69: 4CB8B6EAEAEA -> 20C3BC20C3B
C                                       
T00,S08,$8C: 69BA -> A0B9               
T00,S03,$91: 97 -> DE                   
T00,S03,$9B: 00 -> AA                   
T00,S03,$35: D3 -> DE                   
T00,S03,$3F: 00 -> AA                   
T00,S06,$AE: 97 -> DE                   
T00,S06,$B3: 00 -> AA                   
T00,S06,$B8: 00 -> EB                   
T00,S02,$9E: D3 -> DE                   
T00,S02,$A3: 00 -> AA                   
T00,S02,$A8: 00 -> EB                   
T00,S02,$AD: 00 -> FF                   
T00,S04,$C0: C92269008D7804684CA0B9 -> C
0C1C2C3C4C5C6C7C8C9CA                   
Crack complete. Press any key `         
