Passport by 4am               2024-09-13
                                        
 ______________________________________ 
                                        
                                        
                                        
T1E is unformatted                      
T1D is unformatted                      
T1C is unformatted                      
T1B is unformatted                      
T1A is unformatted                      
T19 is unformatted                      
T18 is unformatted                      
T17 is unformatted                      
T16 is unformatted                      
T15 is unformatted                      
T14 is unformatted                      
T11,S02 Found PFS protection check      
T11,S02,$19: 27 -> 25                   
T11,S06 Protection check intentionally  
destroys unauthorized copies            
T11,S06,$F0: 06 -> 05                   
T11,S06,$F4: C3 -> CB                   
Crack complete. Press any key `         
