Passport by 4am               2022-07-07
                                        
 ______________________________________ 
                                        
                                        
                                        
T1A,S0F,$1F: 31 -> 2F                   
T1A,S06 Protection check intentionally  
destroys unauthorized copies            
T1A,S06,$C8: 06 -> 05                   
T1A,S06,$CC: C3 -> CB                   
T19,S03 Found PFS protection check      
T19,S03,$7B: 27 -> 25                   
T19,S0E Found PFS protection check      
T19,S0E,$AD: 27 -> 25                   
T19,S02 Found PFS protection check      
T19,S02,$ED: 31 -> 2F                   
T19,S0C Found PFS protection check      
T19,S0C,$1F: 31 -> 2F                   
T18,S02 Protection check intentionally  
destroys unauthorized copies            
T18,S02,$C8: 06 -> 05                   
T18,S02,$CC: C3 -> CB                   
Crack complete. Press any key `         
