Passport by 4am               2019-07-25
                                        
 ______________________________________ 
                                        
                                        
                                        
T00 Found Electronic Arts bootloader    
Using disk's own RWTS                   
Writing to S6,D2                        
T20,S02 Found anti-tamper check         
T20,S02,$BB: 7C -> 00                   
T0A,S02 Found anti-tamper check         
T0A,S02,$BB: 7C -> 00                   
T0A,S05 Found anti-tamper check         
T0A,S05,$EC: 4D -> 00                   
T06 Found EA protection track           
T02,S03,$47: BB -> AA                   
T02,S03,$51: CF -> AD                   
T01,S0A,$5B: A7 -> 00                   
T01,S06 Found anti-tamper check         
T01,S06,$2B: 01 -> 04                   
T01,S06,$2F: 01 -> 00                   
T01,S0C,$CC: E1 -> E0                   
Crack complete. Press any key `         
