Passport by 4am               2023-07-27
                                        
 ______________________________________ 
                                        
                                        
                                        
T00,S03,$5E: C5D6 -> C9AA               
T00,S04,$5A: AA -> EE                   
T00,S04,$5D: D5 -> F3                   
T00,S03,$6A: D7 -> 96                   
T00,S03,$91: F3 -> DE                   
T00,S02,$FC: E6 -> AD                   
T00,S03,$35: EE -> DE                   
T00,S03,$3F: AD -> AA                   
T00,S06,$7A: F3 -> D5                   
T00,S06,$7F: EE -> AA                   
T00,S06,$84: D7 -> 96                   
T00,S06,$AE: D5 -> DE                   
T00,S02,$53: EE -> D5                   
T00,S02,$58: F3 -> AA                   
T00,S02,$5D: E6 -> AD                   
T00,S02,$9E: EE -> DE                   
T00,S02,$A3: AD -> AA                   
Crack complete. Press any key `         
